Arguments: 
  /usr/local/bin/node /usr/local/bin/yarn

PATH: 
  /usr/local/bin:/usr/bin:/bin:/usr/sbin:/sbin:/usr/local/go/bin

Yarn version: 
  1.19.1

Node version: 
  10.6.0

Platform: 
  darwin x64

Trace: 
  Error: EACCES: permission denied, unlink '/Users/wangxiaowei/myProject/NewProject/HelloKoa2/node_modules/.yarn-integrity'

npm manifest: 
  {
    "name": "HelloKoa2",
    "version": "0.1.0",
    "private": true,
    "scripts": {
      "start": "NODE_ENV=development ./node_modules/.bin/nodemon bin/run",
      "koa": "./node_modules/.bin/runkoa bin/www",
      "pm2": "pm2 start bin/run ",
      "test": "NODE_ENV=test mocha --compilers js:babel-core/register",
      "start_koa": "bin/run"
    },
    "dependencies": {
      "co": "^4.6.0",
      "debug": "^2.2.0",
      "jade": "~1.11.0",
      "koa": "^2.0.0",
      "koa-bodyparser": "^2.0.1",
      "koa-convert": "^1.2.0",
      "koa-json": "^1.1.1",
      "koa-logger": "^1.3.0",
      "koa-onerror": "^1.2.1",
      "koa-router": "^7.0.0",
      "koa-static": "^2.0.0",
      "koa-views": "^5.0.1",
      "log4js": "^0.6.38",
      "runkoa": "^1.3.1"
    },
    "devDependencies": {
      "nodemon": "^1.8.1"
    }
  }

yarn manifest: 
  No manifest

Lockfile: 
  No lockfile
